<?xml version="1.0" encoding="UTF-8"?>
<!-- Generated by org.testng.reporters.JUnitReportReporter -->
<testsuite hostname="DESKTOP-80HLJ8Q" failures="0" tests="1" name="org.practise.Test007" time="0.009" errors="0" timestamp="25 Jul 2022 06:55:00 GMT">
  <testcase classname="org.practise.Test007" name="test" time="0.009"/>
</testsuite> <!-- org.practise.Test007 -->
